<?xml version="1.0" encoding="UTF-8"?>
<testsuite name="GameTest" tests="1" skipped="0" failures="0" errors="0" timestamp="2025-05-20T18:10:45" hostname="PC-GH05T" time="0.013">
  <properties/>
  <testcase name="afterAStrikeBonusAreTheNextTwoRoll()" classname="GameTest" time="0.013"/>
  <system-out><![CDATA[]]></system-out>
  <system-err><![CDATA[]]></system-err>
</testsuite>
